Convert book 1 of 1 (Urban Operations Research)
Resolved conversion options
calibre version: 2.57.1
{'asciiize': False,
 'author_sort': None,
 'authors': None,
 'base_font_size': 0.0,
 'book_producer': None,
 'change_justification': u'original',
 'chapter': u"//*[((name()='h1' or name()='h2') and re:test(., '\\s*((chapter|book|section|part)\\s+)|((prolog|prologue|epilogue)(\\s+|$))', 'i')) or @class = 'chapter']",
 'chapter_mark': u'pagebreak',
 'comments': None,
 'cover': u'/tmp/calibre_2.57.1_tmp_ao4fGm/E5DfUE.jpeg',
 'debug_pipeline': None,
 'dehyphenate': True,
 'delete_blank_paragraphs': True,
 'disable_font_rescaling': False,
 'dont_compress': False,
 'duplicate_links_in_toc': False,
 'embed_all_fonts': False,
 'embed_font_family': None,
 'enable_heuristics': False,
 'expand_css': False,
 'extra_css': None,
 'extract_to': None,
 'filter_css': u'',
 'fix_indents': True,
 'font_size_mapping': None,
 'format_scene_breaks': True,
 'html_unwrap_factor': 0.4,
 'input_encoding': None,
 'input_profile': <calibre.customize.profiles.InputProfile object at 0x7fe4fd1b9b50>,
 'insert_blank_line': False,
 'insert_blank_line_size': 0.5,
 'insert_metadata': False,
 'isbn': None,
 'italicize_common_cases': True,
 'keep_ligatures': False,
 'language': None,
 'level1_toc': None,
 'level2_toc': None,
 'level3_toc': None,
 'line_height': 0.0,
 'linearize_tables': False,
 'margin_bottom': 5.0,
 'margin_left': 5.0,
 'margin_right': 5.0,
 'margin_top': 5.0,
 'markup_chapter_headings': True,
 'max_toc_links': 50,
 'minimum_line_height': 120.0,
 'mobi_file_type': u'old',
 'mobi_ignore_margins': False,
 'mobi_keep_original_images': False,
 'mobi_toc_at_start': False,
 'no_chapters_in_toc': False,
 'no_inline_navbars': False,
 'no_inline_toc': False,
 'output_profile': <calibre.customize.profiles.GenericEink object at 0x7fe4fd1b9f50>,
 'page_breaks_before': u'/',
 'personal_doc': u'[PDOC]',
 'prefer_author_sort': False,
 'prefer_metadata_cover': False,
 'pretty_print': False,
 'pubdate': None,
 'publisher': None,
 'rating': None,
 'read_metadata_from_opf': u'/tmp/calibre_2.57.1_tmp_ao4fGm/e3PH54.opf',
 'remove_fake_margins': True,
 'remove_first_image': False,
 'remove_paragraph_spacing': False,
 'remove_paragraph_spacing_indent_size': 1.5,
 'renumber_headings': True,
 'replace_scene_breaks': u'',
 'search_replace': '[]',
 'series': None,
 'series_index': None,
 'share_not_sync': False,
 'smarten_punctuation': False,
 'sr1_replace': None,
 'sr1_search': None,
 'sr2_replace': None,
 'sr2_search': None,
 'sr3_replace': None,
 'sr3_search': None,
 'start_reading_at': None,
 'subset_embedded_fonts': False,
 'tags': None,
 'timestamp': None,
 'title': None,
 'title_sort': None,
 'toc_filter': None,
 'toc_threshold': 6,
 'toc_title': None,
 'transform_css_rules': '[]',
 'unsmarten_punctuation': False,
 'unwrap_lines': True,
 'use_auto_toc': False,
 'verbose': 2}
InputFormatPlugin: EPUB Input running
on /tmp/calibre_2.57.1_tmp_ao4fGm/GIw5xA.epub
Parsing all content...
Parsing content/chapter7/7.5.3.html ...
Parsing content/chapter4/4.2.html ...
Parsing content/chapter4/4.8.2.html ...
Parsing content/chapter7/7.3.1.html ...
Parsing content/chapter7/7.5.html ...
Parsing content/chapter5/5.3.2.html ...
Parsing content/chapter2/2.14.html ...
Parsing content/chapter4/4.3.html ...
Parsing content/chapter2/2.13.html ...
Parsing content/chapter5/5.4.1.html ...
Parsing content/chapter3/3.3.3.html ...
Parsing content/chapter7/problems7/index.html ...
Initial parse failed, using more forgiving parsers
Parsing content/chapter7/problems7/index.html as HTML
Parsing content/chapter2/2.10.4.html ...
Parsing content/chapter4/4.8.3.html ...
Parsing content/chapter4/4.4.html ...
Parsing content/chapter3/3.10.html ...
Parsing content/chapter6/6.3.1.html ...
Parsing content/chapter7/7.3.html ...
Parsing content/chapter4/4.6.html ...
Parsing content/chapter2/2.15.html ...
Parsing content/chapter3/3.4.html ...
Parsing content/chapter8/8.3.3.html ...
Parsing content/chapter1/1.3.html ...
Parsing content/chapter4/4.8.4.html ...
Parsing content/chapter6/problems6/index.html ...
Initial parse failed, using more forgiving parsers
Parsing content/chapter6/problems6/index.html as HTML
Parsing content/chapter8/8.3.html ...
Parsing content/chapter8/8.1.5.html ...
Parsing content/chapter7/7.1.3.html ...
Parsing content/chapter6/6.4.html ...
Parsing content/chapter4/4.10.2.html ...
Parsing content/chapter3/3.4.1.html ...
Parsing content/chapter6/6.4.1.html ...
Parsing content/chapter2/problems2.html ...
Parsing content/chapter6/6.5.5.html ...
Parsing content/chapter8/8.3.5.html ...
Parsing content/chapter4/4.9.html ...
Parsing content/chapter8/8.1.6.html ...
Parsing content/chapter3/3.5.html ...
Parsing content/chapter5/5.0.html ...
Parsing content/chapter4/4.9.1.html ...
Parsing content/chapter6/6.5.6.html ...
Parsing content/chapter5/5.4.html ...
Parsing content/chapter3/3.1.html ...
Parsing content/chapter4/4.0.html ...
Parsing content/chapter4/4.6.1.html ...
Parsing content/chapter3/3.0.html ...
Parsing content/chapter8/8.1.1.html ...
Parsing content/chapter5/5.4.4.html ...
Parsing content/chapter2/2.12.html ...
Parsing content/chapter4/4.9.2.html ...
Parsing content/chapter6/6.5.7.html ...
Parsing content/chapter8/8.2.1.html ...
Parsing content/chapter3/3.2.html ...
Parsing content/chapter5/5.8.1.html ...
Parsing content/chapter3/3.5.2.html ...
Parsing content/chapter4/4.10.html ...
Parsing content/chapter8/8.1.8.html ...
Parsing content/chapter3/3.5.1.html ...
Parsing content/chapter3/3.2.1.html ...
Parsing content/chapter7/7.2.2.html ...
Parsing content/chapter6/6.5.8.html ...
Parsing content/chapter6/6.3.html ...
Parsing content/chapter5/5.5.html ...
Parsing content/chapter3/3.6.html ...
Parsing content/chapter5/5.3.3.html ...
Parsing content/chapter8/8.2.4.html ...
Parsing content/chapter7/7.5.2.html ...
Parsing content/chapter6/6.4.9.html ...
Parsing content/chapter8/8.2.3.html ...
Parsing content/chapter3/3.2.2.html ...
Parsing content/chapter3/3.7.html ...
Parsing content/chapter4/references4.html ...
Parsing content/chapter8/8.1.3.html ...
Parsing content/chapter6/6.4.5.html ...
Parsing content/chapter6/6.4.10.html ...
Parsing content/chapter4/4.6.4.html ...
Parsing content/chapter8/8.2.6.html ...
Parsing content/chapter6/6.4.4.html ...
Parsing content/chapter5/5.5.2.html ...
Parsing content/chapter3/3.7.1.html ...
Parsing content/chapter6/6.1.html ...
Parsing content/chapter3/3.2.3.html ...
Parsing content/chapter6/6.4.11.html ...
Parsing content/chapter2/2.9.html ...
Parsing content/chapter6/6.4.6.html ...
Parsing content/chapter4/4.6.5.html ...
Parsing content/chapter8/8.3.7.html ...
Parsing content/chapter8/8.1.2.html ...
Parsing content/chapter6/6.4.12.html ...
Parsing content/chapter3/3.7.2.html ...
Parsing content/chapter7/references7.html ...
Parsing content/chapter8/8.3.4.html ...
Parsing content/chapter3/3.3.html ...
Parsing content/chapter7/7.2.5.html ...
Parsing content/chapter6/6.4.13.html ...
Parsing content/chapter4/4.11.html ...
Parsing content/chapter6/6.4.7.html ...
Parsing content/chapter4/4.7.html ...
Parsing content/chapter8/8.2.5.html ...
Parsing content/chapter3/3.3.1.html ...
Parsing content/chapter3/3.7.3.html ...
Parsing content/chapter6/6.0.html ...
Parsing content/chapter5/5.6.html ...
Parsing content/chapter4/4.8.html ...
Parsing content/chapter2/2.1.html ...
Parsing content/chapter6/6.4.8.html ...
Parsing content/chapter8/8.2.html ...
Parsing content/chapter7/7.1.html ...
Parsing content/chapter2/2.7.html ...
Parsing content/chapter5/5.4.5.html ...
Parsing content/chapter7/7.0.html ...
Parsing content/chapter1/1.2.html ...
Parsing content/chapter8/8.1.html ...
Parsing content/chapter7/7.1.4.html ...
Parsing content/chapter2/2.8.html ...
Parsing content/chapter5/5.8.html ...
Parsing content/chapter4/4.10.1.html ...
Parsing content/chapter3/3.8.html ...
Parsing content/chapter6/6.5.2.html ...
Parsing content/chapter2/2.11.1.html ...
Parsing content/chapter4/4.6.2.html ...
Parsing content/chapter2/2.11.html ...
Parsing content/chapter5/problems5/index.html ...
Initial parse failed, using more forgiving parsers
Parsing content/chapter5/problems5/index.html as HTML
Parsing content/chapter3/3.8.1.html ...
Parsing content/chapter1/1.1.html ...
Parsing content/chapter5/5.3.4.html ...
Parsing content/chapter2/2.9.1.html ...
Parsing content/chapter7/7.5.1.html ...
Parsing content/chapter8/8.0.html ...
Parsing content/chapter8/8.3.6.html ...
Parsing content/chapter5/references5.html ...
Parsing content/chapter4/4.5.html ...
Parsing content/chapter2/2.6.html ...
Parsing content/chapter6/6.5.html ...
Parsing content/chapter6/6.6.html ...
Parsing content/chapter8/8.1.7.html ...
Parsing content/chapter2/2.9.2.html ...
Parsing content/chapter2/2.11.2.html ...
Parsing content/chapter8/8.2.2.html ...
Parsing content/chapter6/6.2.html ...
Parsing content/chapter7/7.4.html ...
Parsing content/chapter2/2.0.html ...
Parsing content/chapter5/5.4.2.html ...
Parsing content/chapter3/3.8.3.html ...
Parsing content/chapter5/5.1.html ...
Parsing content/chapter2/2.9.3.html ...
Parsing content/chapter7/7.2.3.html ...
Parsing content/chapter2/2.11.3.html ...
Parsing content/chapter8/8.3.2.html ...
Parsing content/chapter4/4.9.3.html ...
Parsing content/chapter7/7.1.2.html ...
Parsing content/chapter6/6.6.2.html ...
Parsing content/chapter3/3.9.html ...
Parsing content/chapter5/5.2.html ...
Parsing content/chapter6/6.4.14.html ...
Parsing content/chapter2/2.9.4.html ...
Parsing content/chapter2/2.11.4.html ...
Parsing content/chapter5/5.3.1.html ...
Parsing content/chapter3/3.9.1.html ...
Parsing content/chapter5/5.3.html ...
Parsing content/chapter3/3.8.2.html ...
Parsing content/chapter6/references6.html ...
Parsing content/chapter5/5.5.3.html ...
Parsing content/chapter2/2.5.html ...
Parsing content/chapter6/6.6.3.html ...
Parsing content/chapter2/2.10.html ...
Parsing content/chapter8/references8.html ...
Parsing content/chapter2/2.12.1.html ...
Parsing content/chapter3/3.9.2.html ...
Parsing content/chapter2/2.2.html ...
Parsing content/contents.html ...
Parsing content/chapter4/4.5.1.html ...
Parsing content/chapter2/2.4.html ...
Parsing content/chapter6/6.5.1.html ...
Parsing content/chapter2/2.10.1.html ...
Parsing content/home.html ...
Parsing content/chapter4/4.6.3.html ...
Parsing content/chapter2/2.3.html ...
Parsing content/chapter8/8.4.html ...
Parsing content/chapter6/6.2.2.html ...
Parsing content/chapter6/6.2.1.html ...
Parsing content/chapter6/6.4.2.html ...
Parsing content/chapter5/5.3.5.html ...
Parsing content/chapter1/1.0.html ...
Parsing content/chapter7/7.2.1.html ...
Parsing content/chapter8/genref.html ...
Parsing content/chapter2/2.12.2.html ...
Parsing content/chapter3/references3.html ...
Parsing content/chapter8/8.3.1.html ...
Parsing content/chapter6/6.2.3.html ...
Parsing content/chapter4/problems4/index.html ...
Initial parse failed, using more forgiving parsers
Parsing content/chapter4/problems4/index.html as HTML
Parsing content/chapter2/2.10.2.html ...
Parsing content/UrbanOperationsResearch.css ...
Parsing content/chapter1/1.4.html ...
Parsing content/chapter3/3.3.2.html ...
Parsing content/chapter2/2.12.3.html ...
Parsing content/chapter5/5.5.1.html ...
Parsing content/chapter8/8.1.4.html ...
Parsing content/chapter7/7.2.html ...
Parsing content/chapter5/5.7.html ...
Parsing content/chapter6/6.2.4.html ...
Parsing content/chapter5/5.4.3.html ...
Parsing content/chapter6/6.4.3.html ...
Parsing content/chapter2/2.10.3.html ...
Parsing content/chapter6/6.5.3.html ...
Parsing content/chapter7/7.1.1.html ...
Parsing content/chapter7/7.2.4.html ...
Parsing content/chapter3/problems3/index.html ...
Initial parse failed, using more forgiving parsers
Parsing content/chapter3/problems3/index.html as HTML
Parsing content/chapter4/4.1.html ...
Parsing content/chapter2/2.12.4.html ...
Parsing content/chapter6/6.5.4.html ...
Parsing content/chapter4/4.9.4.html ...
Parsing content/chapter6/6.2.5.html ...
Parsing content/chapter6/6.6.1.html ...
Referenced file u'content/chapter4/images/form4.107a.gif' not in manifest
Referenced file u'content/chapter7/images7/fig7.19.gif' not in manifest
Referenced file u'content/chapter2/images2/form2.30.gif' not in manifest
Referenced file u'content/chapter3/images3/form22.gif' not in manifest
Referenced file u'content/chapter6/images/sigma.gif' not in manifest
Referenced file u'content/chapter7/images7/fig7.18.gif' not in manifest
Referenced file u'content/chapter4/images/form4.102.gif' not in manifest
Referenced file u'content/chapter3/images3/form11.gif' not in manifest
Referenced file u'content/chapter6/images6/form6.6.gif' not in manifest
Referenced file u'content/chapter6/images6/form18.gif' not in manifest
Referenced file u'content/chapter3/images3/form3.13.gif' not in manifest
Referenced file u'content/chapter5/Images/322-4.gif' not in manifest
Referenced file u'content/chapter2/images2/form3.gif' not in manifest
Referenced file u'content/chapter6/images6/form6.7.gif' not in manifest
Referenced file u'content/chapter3/images3/form14.gif' not in manifest
Referenced file u'content/chapter7/images7/form2.gif' not in manifest
Referenced file u'content/chapter3/images3a/fig3.31.gif' not in manifest
Referenced file u'content/chapter7/problems7/7.2.html' not found
Referenced file u'content/chapter3/images3/form12.gif' not in manifest
Referenced file u'content/chapter7/images7/fig7.3.gif' not in manifest
Referenced file u'content/chapter6/images6/form2.gif' not in manifest
Referenced file u'content/images/right.jpg' not in manifest
Referenced file u'content/chapter2/images2/form2.41.gif' not in manifest
Referenced file u'content/chapter3/images3/form3.33a.gif' not in manifest
Referenced file u'content/chapter2/images2/form38.gif' not in manifest
Referenced file u'content/chapter3/problems3/3.22.html' not found
Referenced file u'content/chapter2/images2/form25.gif' not in manifest
Referenced file u'content/chapter4/images/sig2s.gif' not in manifest
Referenced file u'content/chapter2/images2/form2.14.gif' not in manifest
Referenced file u'content/chapter5/Images/rho.gif' not in manifest
Referenced file u'content/chapter4/images/form4.122.gif' not in manifest
Referenced file u'content/chapter2/images/geq.gif' not in manifest
Referenced file u'content/chapter2/images2/form2.44.gif' not in manifest
Referenced file u'content/chapter2/images2/fig2.6.gif' not in manifest
Referenced file u'content/chapter3/images3/form3.3.gif' not in manifest
Referenced file u'content/chapter3/images3/form3.47.gif' not in manifest
Referenced file u'content/chapter2/images2/form17.gif' not in manifest
Referenced file u'content/chapter3/images3/form25.gif' not in manifest
Referenced file u'content/chapter5/Images/Tbar.gif' not in manifest
Referenced file u'content/chapter4/images/fig4.2.gif' not in manifest
Referenced file u'content/chapter7/images7/fig7.11.gif' not in manifest
Referenced file u'content/chapter5/Images/318-1.gif' not in manifest
Referenced file u'content/chapter3/solutions3' not found
Referenced file u'content/chapter3/images3/form3.15.gif' not in manifest
Referenced file u'content/chapter5/Images/314-11.gif' not in manifest
Referenced file u'content/chapter7/images7/form7.7.gif' not in manifest
Referenced file u'content/chapter3/images/approx.gif' not in manifest
Referenced file u'content/chapter4/images/form4.113.gif' not in manifest
Referenced file u'content/chapter3/problems3/3.14.html' not found
Referenced file u'content/chapter6/problems6/6.3.html' not found
Referenced file u'content/chapter2/images2/form2.31.gif' not in manifest
Referenced file u'content/chapter4/images/form4.104.gif' not in manifest
Referenced file u'content/chapter3/images/leq.gif' not in manifest
Referenced file u'content/chapter3/images/sigma.gif' not in manifest
Referenced file u'content/chapter7/images7/fig7.10.gif' not in manifest
Referenced file u'content/chapter2/images2/form2.77.gif' not in manifest
Referenced file u'content/chapter4/images/form4.119.gif' not in manifest
Referenced file u'content/chapter2/images2/form6.gif' not in manifest
Referenced file u'content/chapter2/images/beta.a.gif' not in manifest
Referenced file u'content/chapter6/images6/form2b.gif' not in manifest
Referenced file u'content/chapter6/problems6/6.5.html' not found
Referenced file u'content/chapter6/images6/form13.gif' not in manifest
Referenced file u'content/chapter5/Images/306-2.gif' not in manifest
Referenced file u'content/chapter5/Images/285-1.gif' not in manifest
Referenced file u'content/chapter3/images3a/pg155.gif' not in manifest
Referenced file u'content/chapter3/images3/form10.gif' not in manifest
Referenced file u'content/chapter6/images6/fig6.33.gif' not in manifest
Referenced file u'content/chapter7/images7/fig7.5.gif' not in manifest
Referenced file u'content/chapter3/images3/form3.36.gif' not in manifest
Referenced file u'content/chapter4/images/formpg235.gif' not in manifest
Referenced file u'content/chapter2/images2/form2.43.gif' not in manifest
Referenced file u'content/chapter3/images/omicron.gif' not in manifest
Referenced file u'content/chapter7/images7/fig7.13.gif' not in manifest
Referenced file u'content/chapter2/images2/fig2.13.gif' not in manifest
Referenced file u'content/chapter6/images6/fig6.21.gif' not in manifest
Referenced file u'content/chapter7/solutions7' not found
Referenced file u'content/chapter3/images3a/form3.92.gif' not in manifest
Referenced file u'content/chapter6/images6/form22.gif' not in manifest
Referenced file u'content/chapter2/images2/form2.56.gif' not in manifest
Referenced file u'content/chapter4/images/zbar.gif' not in manifest
Referenced file u'content/chapter3/images3/form3.38.gif' not in manifest
Referenced file u'content/chapter3/images/epsilon.gif' not in manifest
Referenced file u'content/chapter4/images/ident.gif' not in manifest
Referenced file u'content/chapter3/images3a/form3.11a.gif' not in manifest
Referenced file u'content/chapter4/images/fig4.11.gif' not in manifest
Referenced file u'content/chapter6/images/inter.n.gif' not in manifest
Referenced file u'content/chapter6/images6/form12.gif' not in manifest
Referenced file u'content/chapter4/images/fig4.20.gif' not in manifest
Referenced file u'content/chapter5/problems5/5.5.html' not found
Referenced file u'content/chapter2/images2/form44.gif' not in manifest
Referenced file u'content/chapter4/images/rho.gif' not in manifest
Referenced file u'content/chapter3/images3/form28.gif' not in manifest
Referenced file u'content/chapter5/problems5/5.8.html' not found
Referenced file u'content/chapter6/images6/form16.gif' not in manifest
Referenced file u'content/chapter4/images/form4.66.gif' not in manifest
Referenced file u'content/chapter6/problems6/6.16.html' not found
Referenced file u'content/chapter4/images/lim-t-inf.gif' not in manifest
Referenced file u'content/chapter5/Images/tripeq.gif' not in manifest
Referenced file u'content/chapter2/contents2.html' not found
Referenced file u'content/chapter3/images3/fig3.12.gif' not in manifest
Referenced file u'content/chapter5/Images/336-1.gif' not in manifest
Referenced file u'content/chapter5/Images/341-4.gif' not in manifest
Referenced file u'content/chapter3/images/sigma2.r.gif' not in manifest
Referenced file u'content/chapter6/images/sqrt49a.gif' not in manifest
Referenced file u'content/chapter3/images3a/form3.85.gif' not in manifest
Referenced file u'content/chapter4/images/sumkn0.gif' not in manifest
Referenced file u'content/chapter3/images/phi.gif' not in manifest
Referenced file u'content/chapter2/images2/form50.gif' not in manifest
Referenced file u'content/chapter6/images6/form2a.gif' not in manifest
Referenced file u'content/chapter5/Images/321-2.gif' not in manifest
Referenced file u'content/chapter5/Images/tau.gif' not in manifest
Referenced file u'content/chapter5/Images/278-6.gif' not in manifest
Referenced file u'content/chapter4/images/formpg228a.gif' not in manifest
Referenced file u'content/chapter3/images3/fig3.24.gif' not in manifest
Referenced file u'content/chapter6/images6/fig6.39.gif' not in manifest
Referenced file u'content/chapter5/Images/322-1.gif' not in manifest
Referenced file u'content/chapter7/images7/form7.20.gif' not in manifest
Referenced file u'content/chapter3/problems3/3.3.html' not found
Referenced file u'content/chapter6/images6/form6.33.gif' not in manifest
Referenced file u'content/chapter1/images1/form.p.14.gif' not in manifest
Referenced file u'content/chapter2/images2/fig2.2.gif' not in manifest
Referenced file u'content/chapter2/images2/form2.61.gif' not in manifest
Referenced file u'content/chapter6/images6/fig6.27.gif' not in manifest
Referenced file u'content/chapter5/Images/322-2.gif' not in manifest
Referenced file u'content/chapter4/problems4/4.15.html' not found
Referenced file u'content/chapter5/Images/336-4.gif' not in manifest
Referenced file u'content/chapter2/images2/form42.gif' not in manifest
Referenced file u'content/chapter3/images/ident.gif' not in manifest
Referenced file u'content/chapter4/images/form4.62.gif' not in manifest
Referenced file u'content/chapter5/Images/wave_eq.gif' not in manifest
Referenced file u'content/chapter6/images6/fig6.26.gif' not in manifest
Referenced file u'content/chapter5/Images/317-1.gif' not in manifest
Referenced file u'content/chapter3/images3/form27.gif' not in manifest
Referenced file u'content/chapter5/Images/311-1.gif' not in manifest
Referenced file u'content/chapter7/images/lambda.gif' not in manifest
Referenced file u'content/chapter3/contents3.html' not found
Referenced file u'content/chapter6/problems6/6.6.html' not found
Referenced file u'content/chapter5/Images/337-1.gif' not in manifest
Referenced file u'content/chapter3/images3a/form3.78.gif' not in manifest
Referenced file u'content/chapter3/images3/form3.67.gif' not in manifest
Referenced file u'content/chapter3/problems3/3.23.html' not found
Referenced file u'content/chapter4/images/form4.100.gif' not in manifest
Referenced file u'content/chapter5/Images/314-2.gif' not in manifest
Referenced file u'content/chapter7/images/lambda.0.gif' not in manifest
Referenced file u'content/chapter3/images3/form8.gif' not in manifest
Referenced file u'content/chapter4/images/tau.gif' not in manifest
Referenced file u'content/chapter7/images7/form7.12.gif' not in manifest
Referenced file u'content/chapter6/images6/form6.26.gif' not in manifest
Referenced file u'content/chapter3/images3/form3.64.gif' not in manifest
Referenced file u'content/chapter3/images/l.delta.gif' not in manifest
Referenced file u'content/chapter5/problems5/5.15.html' not found
Referenced file u'content/chapter4/images/Wbar.gif' not in manifest
Referenced file u'content/chapter5/Images/282-1.gif' not in manifest
Referenced file u'content/chapter5/Images/form5.67.gif' not in manifest
Referenced file u'content/chapter2/images/lambda.gif' not in manifest
Referenced file u'content/chapter2/images2/fig2.14.gif' not in manifest
Referenced file u'content/chapter3/images3/form34.gif' not in manifest
Referenced file u'content/chapter6/images/sub.natlog.gif' not in manifest
Referenced file u'content/chapter5/Images/xbar.gif' not in manifest
Referenced file u'content/chapter4/images/form4.83.gif' not in manifest
Referenced file u'content/chapter6/images/inter.u.gif' not in manifest
Referenced file u'content/chapter3/images3/form52.gif' not in manifest
Referenced file u'content/chapter4/images/formpg238.gif' not in manifest
Referenced file u'content/chapter3/images/s1delta.gif' not in manifest
Referenced file u'content/chapter2/images2/form2.63.gif' not in manifest
Referenced file u'content/chapter4/images/form4.101.gif' not in manifest
Referenced file u'content/chapter4/images/formpg247.gif' not in manifest
Referenced file u'content/chapter2/images2/form2.35.gif' not in manifest
Referenced file u'content/chapter2/images2/form67.gif' not in manifest
Referenced file u'content/chapter2/images2/form10.gif' not in manifest
Referenced file u'content/chapter1/images1/form.p.14.2.gif' not in manifest
Referenced file u'content/chapter6/images/sqrt.m.gif' not in manifest
Referenced file u'content/chapter6/problems6/6.17.html' not found
Referenced file u'content/chapter3/images3/form17.gif' not in manifest
Referenced file u'content/chapter4/images/204.gif' not in manifest
Referenced file u'content/chapter2/images/beta.c.gif' not in manifest
Referenced file u'content/chapter3/images3/fig3.25.gif' not in manifest
Referenced file u'content/chapter6/problems6/6.8.html' not found
Referenced file u'content/chapter2/images2/form34.gif' not in manifest
Referenced file u'content/chapter4/images/195-4.gif' not in manifest
Referenced file u'content/chapter3/problems3/3.17.html' not found
Referenced file u'content/chapter3/images3a/form3.94.gif' not in manifest
Referenced file u'content/chapter1/images1/fig1.2.gif' not in manifest
Referenced file u'content/chapter5/Images/322-3.gif' not in manifest
Referenced file u'content/chapter7/contents7.html' not found
Referenced file u'content/chapter3/images3a/form3.101a.gif' not in manifest
Referenced file u'content/chapter6/images6/form11.gif' not in manifest
Referenced file u'content/chapter3/images3a/fig3.32a.gif' not in manifest
Referenced file u'content/chapter2/images2/form2.62.gif' not in manifest
Referenced file u'content/chapter4/images/deltaequal.gif' not in manifest
Referenced file u'content/chapter3/images3/form26.gif' not in manifest
Referenced file u'content/chapter4/problems4/4.2.html' not found
Referenced file u'content/chapter5/Images/280-1.gif' not in manifest
Referenced file u'content/chapter3/images3a/formpg157.gif' not in manifest
Referenced file u'content/chapter2/images2/form27.gif' not in manifest
Referenced file u'content/chapter4/images/geq.gif' not in manifest
Referenced file u'content/chapter7/images7/fig7.4.gif' not in manifest
Referenced file u'content/chapter3/images3/form3.50.gif' not in manifest
Referenced file u'content/chapter4/images/lim-i-inf.gif' not in manifest
Referenced file u'content/chapter6/images6/form14.gif' not in manifest
Referenced file u'content/chapter6/images6/fig6.28.gif' not in manifest
Referenced file u'content/chapter3/images3a/fig3.30.gif' not in manifest
Referenced file u'content/chapter2/images2/fig2.11.gif' not in manifest
Referenced file u'content/chapter6/images6/fig6.1-2.gif' not in manifest
Referenced file u'content/chapter3/problems3/3.21.html' not found
Referenced file u'content/chapter3/problems3/3.24.html' not found
Referenced file u'content/chapter4/images/form4.29.gif' not in manifest
Referenced file u'content/chapter6/problems6/6.10.html' not found
Referenced file u'content/chapter5/Images/305-1.gif' not in manifest
Referenced file u'content/chapter6/images6/Tablep438.gif' not in manifest
Referenced file u'content/chapter5/Images/278-5.gif' not in manifest
Referenced file u'content/chapter3/images3/form13.gif' not in manifest
Referenced file u'content/chapter5/problems5/5.17.html' not found
Referenced file u'content/chapter3/problems3/3.15.html' not found
Referenced file u'content/chapter6/images6/form6.5.gif' not in manifest
Referenced file u'content/chapter6/images6/form6.4.gif' not in manifest
Referenced file u'content/chapter2/images2/form2.16.gif' not in manifest
Referenced file u'content/chapter7/images7/form.484.gif' not in manifest
Referenced file u'content/chapter5/Images/323-2.gif' not in manifest
Referenced file u'content/chapter2/images2/form2.69.gif' not in manifest
Referenced file u'content/chapter6/images6/fig6.6.gif' not in manifest
Referenced file u'content/chapter2/pics/pi.gif' not in manifest
Referenced file u'content/chapter7/images/lambda.t2.gif' not in manifest
Referenced file u'content/chapter2/images2/form23.gif' not in manifest
Referenced file u'content/chapter2/images2/form2.12.gif' not in manifest
Referenced file u'content/chapter4/images/form4.41a.gif' not in manifest
Referenced file u'content/chapter3/images3/form23.gif' not in manifest
Referenced file u'content/chapter4/images/form4.109.gif' not in manifest
Referenced file u'content/chapter6/images/pi.gif' not in manifest
Referenced file u'content/chapter3/images3/form41.gif' not in manifest
Referenced file u'content/chapter2/images2/form35.gif' not in manifest
Referenced file u'content/chapter5/Images/279-3.gif' not in manifest
Referenced file u'content/chapter5/Images/277-1.gif' not in manifest
Referenced file u'content/chapter3/images3/form3.45.gif' not in manifest
Referenced file u'content/chapter5/Images/273-1.gif' not in manifest
Referenced file u'content/chapter5/Images/327-1.gif' not in manifest
Referenced file u'content/chapter3/problems3/3.18.html' not found
Referenced file u'content/chapter3/problems3/3.26.html' not found
Referenced file u'content/chapter2/images2/form2.33.gif' not in manifest
Referenced file u'content/chapter4/images/tablepg221.gif' not in manifest
Referenced file u'content/chapter2/images2/form2.27.gif' not in manifest
Referenced file u'content/chapter6/images6/table6-5.gif' not in manifest
Referenced file u'content/chapter4/images/form4.77.gif' not in manifest
Referenced file u'content/chapter7/images/sigma.x.gif' not in manifest
Referenced file u'content/chapter6/images6/Tablep432.gif' not in manifest
Referenced file u'content/chapter4/images/form4.60.gif' not in manifest
Referenced file u'content/chapter4/images/201-1.gif' not in manifest
Referenced file u'content/chapter5/Images/3halves.gif' not in manifest
Referenced file u'content/chapter3/problems3/3.12.html' not found
Referenced file u'content/chapter4/images/197.gif' not in manifest
Referenced file u'content/chapter5/Images/279-2.gif' not in manifest
Referenced file u'content/chapter3/images/rarrow.gif' not in manifest
Referenced file u'content/chapter7/problems7/7.6.html' not found
Referenced file u'content/chapter6/images6/Tablep433.gif' not in manifest
Referenced file u'content/chapter3/images3/fig3.1.gif' not in manifest
Referenced file u'content/chapter3/images3/form3.71.gif' not in manifest
Referenced file u'content/chapter6/images6/form7.gif' not in manifest
Referenced file u'content/chapter3/images3/fig3.11.gif' not in manifest
Referenced file u'content/chapter3/images3a/formpg148.gif' not in manifest
Referenced file u'content/chapter8/images8/fig8.3.gif' not in manifest
Referenced file u'content/chapter3/images3/form3.43.gif' not in manifest
Referenced file u'content/chapter3/images3/form3.70.gif' not in manifest
Referenced file u'content/chapter6/images6/Tablep403.gif' not in manifest
Referenced file u'content/chapter5/problems5/5.13.html' not found
Referenced file u'content/chapter2/images2/form8.gif' not in manifest
Referenced file u'content/chapter7/images/mu.x.gif' not in manifest
Referenced file u'content/chapter3/problems3/3.5.html' not found
Referenced file u'content/chapter2/images2/form41.gif' not in manifest
Referenced file u'content/chapter4/images/form4.25.gif' not in manifest
Referenced file u'content/chapter2/images2/form36.gif' not in manifest
Referenced file u'content/chapter3/images3a/exerc3.10.gif' not in manifest
Referenced file u'content/chapter3/problems3/3.25.html' not found
Referenced file u'content/chapter2/images2/form58.gif' not in manifest
Referenced file u'content/chapter3/images3/fig3.26.gif' not in manifest
Referenced file u'content/chapter2/images2/fig2.9.gif' not in manifest
Referenced file u'content/chapter4/images/200-1.gif' not in manifest
Referenced file u'content/chapter1/images1/form.p.5.gif' not in manifest
Referenced file u'content/chapter3/images/delta.sub.gif' not in manifest
Referenced file u'content/chapter6/images6/form6.gif' not in manifest
Referenced file u'content/chapter6/images6/form6.12.gif' not in manifest
Referenced file u'content/chapter4/images/bs.gif' not in manifest
Referenced file u'content/chapter3/images3a/pg151c.gif' not in manifest
Referenced file u'content/chapter4/images/form4.90.gif' not in manifest
Referenced file u'content/chapter6/images6/form16a.gif' not in manifest
Referenced file u'content/chapter4/images/form4.89.gif' not in manifest
Referenced file u'content/chapter3/images/natlog.gif' not in manifest
Referenced file u'content/chapter6/images6/form10.gif' not in manifest
Referenced file u'content/chapter2/images2/form9.gif' not in manifest
Referenced file u'content/chapter5/Images/gr_eq.gif' not in manifest
Referenced file u'content/chapter4/images/191-2.gif' not in manifest
Referenced file u'content/chapter3/images3/form3.32.gif' not in manifest
Referenced file u'content/chapter4/images/202-2.gif' not in manifest
Referenced file u'content/chapter3/images3/fig3.8.gif' not in manifest
Referenced file u'content/chapter3/images3/form3.74.gif' not in manifest
Referenced file u'content/chapter6/images6/fig6.13.gif' not in manifest
Referenced file u'content/chapter7/images/lambda.overscore.gif' not in manifest
Referenced file u'content/chapter5/Images/319-1.gif' not in manifest
Referenced file u'content/chapter5/problems5/5.10.html' not found
Referenced file u'content/chapter2/images/sigma2xa.gif' not in manifest
Referenced file u'content/chapter7/images7/form7.11.gif' not in manifest
Referenced file u'content/chapter7/images7/form7.9.gif' not in manifest
Referenced file u'content/chapter3/images3/form3.66.gif' not in manifest
Referenced file u'content/chapter5/Images/form5.69.gif' not in manifest
Referenced file u'content/chapter3/images3/form3.77.gif' not in manifest
Referenced file u'content/chapter2/images/sigma2y.gif' not in manifest
Referenced file u'content/chapter3/images/delta.gif' not in manifest
Referenced file u'content/chapter5/problems5/5.9.html' not found
Referenced file u'content/chapter5/Images/341-1.gif' not in manifest
Referenced file u'content/chapter5/Images/lamda.gif' not in manifest
Referenced file u'content/chapter2/images2/form2.gif' not in manifest
Referenced file u'content/chapter3/images3/fig3.17.gif' not in manifest
Referenced file u'content/chapter2/images2/form43.gif' not in manifest
Referenced file u'content/chapter2/images/alpha.gif' not in manifest
Referenced file u'content/chapter5/Images/313-2.gif' not in manifest
Referenced file u'content/chapter4/images/o.gif' not in manifest
Referenced file u'content/chapter5/Images/338-2.gif' not in manifest
Referenced file u'content/chapter4/images/a2s.gif' not in manifest
Referenced file u'content/chapter2/images/infty.gif' not in manifest
Referenced file u'content/chapter7/images7/fig7.20.gif' not in manifest
Referenced file u'content/chapter3/images3/form50.gif' not in manifest
Referenced file u'content/chapter5/Images/ybar.gif' not in manifest
Referenced file u'content/chapter5/problems5/5.11.html' not found
Referenced file u'content/chapter3/images3a/form3.80.gif' not in manifest
Referenced file u'content/chapter6/images6/form8a.gif' not in manifest
Referenced file u'content/chapter2/images2/form12.gif' not in manifest
Referenced file u'content/chapter3/images3a/formpg156.gif' not in manifest
Referenced file u'content/chapter4/images/206-1.gif' not in manifest
Referenced file u'content/chapter3/images3/form3.30.gif' not in manifest
Referenced file u'content/chapter3/images3a/exerc3.9.gif' not in manifest
Referenced file u'content/chapter4/contents4.html' not found
Referenced file u'content/chapter7/images7/form10.gif' not in manifest
Referenced file u'content/chapter2/images2/form2.2.gif' not in manifest
Referenced file u'content/chapter4/images/form4.96.gif' not in manifest
Referenced file u'content/chapter4/images/191-1.gif' not in manifest
Referenced file u'content/chapter4/images/lamda-hat.gif' not in manifest
Referenced file u'content/chapter6/images6/form3.gif' not in manifest
Referenced file u'content/chapter4/images/formpg225.gif' not in manifest
Referenced file u'content/chapter6/solutions6' not found
Referenced file u'content/chapter6/images6/form6.10.gif' not in manifest
Referenced file u'content/chapter6/images6/fig6.34.gif' not in manifest
Referenced file u'content/chapter5/Images/307-1.gif' not in manifest
Referenced file u'content/chapter3/images3a/form3.97.gif' not in manifest
Referenced file u'content/chapter4/images/w1q.gif' not in manifest
Referenced file u'content/chapter6/images6/fig6.30.gif' not in manifest
Referenced file u'content/chapter5/Images/theta.gif' not in manifest
Referenced file u'content/chapter6/images6/fig6.11.gif' not in manifest
Referenced file u'content/chapter6/problems6/6.14.html' not found
Referenced file u'content/chapter2/images2/form2.68.gif' not in manifest
Referenced file u'content/chapter3/images3a/fig3.34.gif' not in manifest
Referenced file u'content/chapter5/Images/rootX.gif' not in manifest
Referenced file u'content/chapter2/pics/sigma.gif' not in manifest
Referenced file u'content/chapter4/problems4/4.17.html' not found
Referenced file u'content/chapter3/images/alpha.gif' not in manifest
Referenced file u'content/chapter2/images2/form66.gif' not in manifest
Referenced file u'content/chapter2/images2/form49.gif' not in manifest
Referenced file u'content/chapter2/images2/form2.57.gif' not in manifest
Referenced file u'content/chapter7/problems7/7.3.html' not found
Referenced file u'content/chapter2/images2/form2.6.gif' not in manifest
Referenced file u'content/chapter7/images7/form7.gif' not in manifest
Referenced file u'content/chapter2/images2/fig2.7.gif' not in manifest
Referenced file u'content/chapter5/Images/333-1.gif' not in manifest
Referenced file u'content/chapter2/images/tau.gif' not in manifest
Referenced file u'content/chapter7/images7/fig7.12.gif' not in manifest
Referenced file u'content/chapter6/problems6/6.13.html' not found
Referenced file u'content/chapter5/Images/312-1.gif' not in manifest
Referenced file u'content/chapter7/images7/form7.5.gif' not in manifest
Referenced file u'content/chapter3/images3/form2.gif' not in manifest
Referenced file u'content/chapter3/images3/form3.22.gif' not in manifest
Referenced file u'content/chapter6/images6/form17.gif' not in manifest
Referenced file u'content/chapter2/images2/form18.gif' not in manifest
Referenced file u'content/chapter7/images/tau.i.gif' not in manifest
Referenced file u'content/chapter5/contents5.html' not found
Referenced file u'content/chapter4/images/inf.gif' not in manifest
Referenced file u'content/chapter5/Images/279-1.gif' not in manifest
Referenced file u'content/chapter7/images7/form7.4.gif' not in manifest
Referenced file u'content/chapter2/images2/form22.gif' not in manifest
Referenced file u'content/chapter4/images/fig4.12.GIF' not in manifest
Referenced file u'content/chapter2/images2/form2.13.gif' not in manifest
Referenced file u'content/chapter3/images3/form3.46.gif' not in manifest
Referenced file u'content/chapter3/images3/form48.gif' not in manifest
Referenced file u'content/chapter3/problems3/3.31.html' not found
Referenced file u'content/chapter2/images/null.gif' not in manifest
Referenced file u'content/chapter3/images3/form5.gif' not in manifest
Referenced file u'content/chapter3/problems3/3.1.html' not found
Referenced file u'content/chapter6/problems6/6.2.html' not found
Referenced file u'content/chapter4/images/form4.53.gif' not in manifest
Referenced file u'content/chapter3/images3/form3.73.gif' not in manifest
Referenced file u'content/chapter2/images2/form1.gif' not in manifest
Referenced file u'content/chapter2/images2/form2.65.gif' not in manifest
Referenced file u'content/chapter4/images/fig.4.10.gif' not in manifest
Referenced file u'content/chapter2/images2/form32.gif' not in manifest
Referenced file u'content/chapter7/images/lambda.t.gif' not in manifest
Referenced file u'content/chapter4/images/form4.64.gif' not in manifest
Referenced file u'content/chapter3/images3a/table3.1.gif' not in manifest
Referenced file u'content/chapter3/images3a/form3.90.gif' not in manifest
Referenced file u'content/chapter4/images/form4.120a.gif' not in manifest
Referenced file u'content/chapter2/images2/form2.23.gif' not in manifest
Referenced file u'content/chapter2/images/rt3.gif' not in manifest
Referenced file u'content/chapter2/images/_v.b.gif' not in manifest
Referenced file u'content/chapter3/images/infty.gif' not in manifest
Referenced file u'content/chapter3/images3/fig3.5.gif' not in manifest
Referenced file u'content/chapter3/images3/fig3.4.gif' not in manifest
Referenced file u'content/chapter5/Images/rho_delta.gif' not in manifest
Referenced file u'content/chapter7/problems7/7.9.html' not found
Referenced file u'content/chapter4/images/form4.41.gif' not in manifest
Referenced file u'content/chapter5/Images/336-2.gif' not in manifest
Referenced file u'content/chapter3/images/psi.gif' not in manifest
Referenced file u'content/chapter6/images6/form6.30.gif' not in manifest
Referenced file u'content/chapter7/images7/form13.gif' not in manifest
Referenced file u'content/chapter3/images3a/form3.95.gif' not in manifest
Referenced file u'content/chapter4/images/form4.45.gif' not in manifest
Referenced file u'content/chapter3/images3/fig3.10.gif' not in manifest
Referenced file u'content/chapter5/Images/rhohat.gif' not in manifest
Referenced file u'content/chapter4/problems4/4.4.html' not found
Referenced file u'content/chapter6/images/infty.gif' not in manifest
Referenced file u'content/chapter5/problems5/5.3.html' not found
Referenced file u'content/chapter5/Images/eta.gif' not in manifest
Referenced file u'content/chapter3/images3/form3.72.gif' not in manifest
Referenced file u'content/chapter3/images3/form3.2.gif' not in manifest
Referenced file u'content/chapter4/images/delta.gif' not in manifest
Referenced file u'content/chapter5/Images/arrow.gif' not in manifest
Referenced file u'content/chapter4/images/frompg.240.gif' not in manifest
Referenced file u'content/chapter4/images/198-1.gif' not in manifest
Referenced file u'content/chapter3/problems3/3.30.html' not found
Referenced file u'content/chapter3/images3/form3.18.gif' not in manifest
Referenced file u'content/chapter5/Images/281-1.gif' not in manifest
Referenced file u'content/chapter2/images2/form2.10.gif' not in manifest
Referenced file u'content/chapter2/images2/form21.gif' not in manifest
Referenced file u'content/chapter6/images6/fig6.24.gif' not in manifest
Referenced file u'content/chapter3/images3/form19.gif' not in manifest
Referenced file u'content/chapter5/Images/338-1.gif' not in manifest
Referenced file u'content/chapter5/Images/330-3.gif' not in manifest
Referenced file u'content/chapter4/images/fig.4.14.gif' not in manifest
Referenced file u'content/chapter3/images/theta.gif' not in manifest
Referenced file u'content/chapter6/images6/fig6.14.gif' not in manifest
Referenced file u'content/chapter3/images3/form3.40.gif' not in manifest
Referenced file u'content/chapter4/images/form4.51a.gif' not in manifest
Referenced file u'content/chapter3/images3/form3.65.gif' not in manifest
Referenced file u'content/chapter5/Images/316-1.gif' not in manifest
Referenced file u'content/chapter5/problems5/5.16.html' not found
Referenced file u'content/chapter3/images3a/form3.104a.gif' not in manifest
Referenced file u'content/chapter3/images3a/form3.92a.gif' not in manifest
Referenced file u'content/chapter3/images3/fig3.7.gif' not in manifest
Referenced file u'content/chapter2/images/_v.a.gif' not in manifest
Referenced file u'content/chapter3/images3/fig3.3.gif' not in manifest
Referenced file u'content/chapter5/Images/rootN.gif' not in manifest
Referenced file u'content/chapter3/images3/fig3.6.gif' not in manifest
Referenced file u'content/chapter5/Images/314-6.gif' not in manifest
Referenced file u'content/chapter3/images3/form49.gif' not in manifest
Referenced file u'content/chapter4/images/alpha.gif' not in manifest
Referenced file u'content/chapter5/problems5/5.6.html' not found
Referenced file u'content/chapter4/images/form4.114.gif' not in manifest
Referenced file u'content/chapter2/images/_v.c.gif' not in manifest
Referenced file u'content/chapter2/images2/form69.gif' not in manifest
Referenced file u'content/chapter2/pics/geq.gif' not in manifest
Referenced file u'content/chapter3/problems3/3.7.html' not found
Referenced file u'content/chapter2/images2/form2.58.gif' not in manifest
Referenced file u'content/chapter3/images/geq.gif' not in manifest
Referenced file u'content/chapter5/Images/286-1.gif' not in manifest
Referenced file u'content/chapter4/images/195-2.gif' not in manifest
Referenced file u'content/chapter2/images/sigma2x.gif' not in manifest
Referenced file u'content/chapter3/images3a/fig3.39.gif' not in manifest
Referenced file u'content/chapter3/images3a/fig3.38.gif' not in manifest
Referenced file u'content/chapter4/images/form4.43.gif' not in manifest
Referenced file u'content/chapter6/images/subset.gif' not in manifest
Referenced file u'content/chapter2/images2/form73.gif' not in manifest
Referenced file u'content/chapter3/images3/form3.5.gif' not in manifest
Referenced file u'content/chapter2/images2/form2.1.gif' not in manifest
Referenced file u'content/chapter7/images7/form7.16.gif' not in manifest
Referenced file u'content/chapter7/images/lambda.t3.gif' not in manifest
Referenced file u'content/chapter4/images/form4.31.gif' not in manifest
Referenced file u'content/chapter6/images6/Table6-12.gif' not found
Referenced file u'content/chapter8/images8/fig8.5.gif' not in manifest
Referenced file u'content/chapter6/images6/form6.39.gif' not in manifest
Referenced file u'content/chapter5/problems5/5.1.html' not found
Referenced file u'content/chapter8/images8/fig8.6.gif' not in manifest
Referenced file u'content/chapter3/images3/form3.53.gif' not in manifest
Referenced file u'content/chapter5/Images/328-1.gif' not in manifest
Referenced file u'content/chapter3/images3/form3.63.gif' not in manifest
Referenced file u'content/chapter2/images2/form68.gif' not in manifest
Referenced file u'content/chapter5/Images/notequal.gif' not in manifest
Referenced file u'content/chapter2/images2/form2.59.gif' not in manifest
Referenced file u'content/chapter8/images8/fig8.1.gif' not in manifest
Referenced file u'content/chapter7/images7/fig7.17.gif' not in manifest
Referenced file u'content/chapter5/problems5/5.2.html' not found
Referenced file u'content/chapter4/images/mu.gif' not in manifest
Referenced file u'content/chapter2/images2/form2.52.gif' not in manifest
Referenced file u'content/chapter2/images2/form37.gif' not in manifest
Referenced file u'content/chapter4/images/form4.124.gif' not in manifest
Referenced file u'content/chapter1/images1/form.p.15.gif' not in manifest
Referenced file u'content/chapter2/images2/form2.60.gif' not in manifest
Referenced file u'content/chapter3/images3a/form3.88.gif' not in manifest
Referenced file u'content/chapter4/problems4/4.7.html' not found
Referenced file u'content/chapter6/images/contain.gif' not in manifest
Referenced file u'content/chapter7/images7/form6.gif' not in manifest
Referenced file u'content/chapter5/Images/TUbar.gif' not in manifest
Referenced file u'content/chapter3/images3a/form3.115a.gif' not in manifest
Referenced file u'content/chapter6/images6/fig6.15.gif' not in manifest
Referenced file u'content/chapter5/Images/289-1.gif' not in manifest
Referenced file u'content/chapter7/images/tau.12...k.gif' not in manifest
Referenced file u'content/chapter7/images7/form5.gif' not in manifest
Referenced file u'content/chapter2/images/delta.gif' not in manifest
Referenced file u'content/chapter4/images/sigma.gif' not in manifest
Referenced file u'content/chapter2/images2/form2.53.gif' not in manifest
Referenced file u'content/chapter3/images3a/form3.84.gif' not in manifest
Referenced file u'content/chapter5/Images/335-1.gif' not in manifest
Referenced file u'content/chapter2/images2/fig2.1.gif' not in manifest
Referenced file u'content/chapter2/images2/form55.gif' not in manifest
Referenced file u'content/chapter6/images6/fig6.31.gif' not in manifest
Referenced file u'content/chapter2/images2/form62.gif' not in manifest
Referenced file u'content/chapter7/images7/fig7.2.gif' not in manifest
Referenced file u'content/chapter3/images3a/table3.2.gif' not in manifest
Referenced file u'content/chapter2/images2/form51.gif' not in manifest
Referenced file u'content/chapter5/Images/TUnbar.gif' not in manifest
Referenced file u'content/chapter5/Images/278-4.gif' not in manifest
Referenced file u'content/chapter2/images2/form54.gif' not in manifest
Referenced file u'content/chapter2/images2/form2.82.gif' not in manifest
Referenced file u'content/chapter3/images3/form3.10.gif' not in manifest
Referenced file u'content/chapter5/Images/rootAo.gif' not in manifest
Referenced file u'content/chapter2/images2/form2.54.gif' not in manifest
Referenced file u'content/chapter5/Images/318-4.gif' not in manifest
Referenced file u'content/chapter2/images2/form65.gif' not in manifest
Referenced file u'content/chapter2/images2/form5.gif' not in manifest
Referenced file u'content/chapter6/images6/Tablep415.gif' not in manifest
Referenced file u'content/chapter5/Images/dot.gif' not in manifest
Referenced file u'content/chapter5/Images/323-1.gif' not in manifest
Referenced file u'content/chapter6/problems6/6.12.html' not found
Referenced file u'content/chapter6/images6/Tablep449.gif' not in manifest
Referenced file u'content/chapter3/images3/form3.54.gif' not in manifest
Referenced file u'content/chapter3/problems3/3.28.html' not found
Referenced file u'content/chapter3/images3/form39.gif' not in manifest
Referenced file u'content/chapter5/Images/314-3.gif' not in manifest
Referenced file u'content/chapter6/images6/form19.gif' not in manifest
Referenced file u'content/chapter7/images/tau.i.1.gif' not in manifest
Referenced file u'content/chapter3/images3/form9.gif' not in manifest
Referenced file u'content/chapter4/problems4/4.14.html' not found
Referenced file u'content/chapter5/Images/331-3.gif' not in manifest
Referenced file u'content/chapter3/problems3/3.10.html' not found
Referenced file u'content/chapter6/images/_j.gif' not in manifest
Referenced file u'content/chapter3/images3a/form3.91.gif' not in manifest
Referenced file u'content/chapter6/problems6/6.15.html' not found
Referenced file u'content/chapter4/images/form4.55.gif' not in manifest
Referenced file u'content/chapter4/images/infty.gif' not in manifest
Referenced file u'content/chapter3/images/lambda.gif' not in manifest
Referenced file u'content/chapter7/images7/fig7.9.gif' not in manifest
Referenced file u'content/chapter3/problems3/3.19.html' not found
Referenced file u'content/chapter4/problems4/4.11.html' not found
Referenced file u'content/chapter4/images/form4.110.gif' not in manifest
Referenced file u'content/chapter5/Images/TRAnbar.gif' not in manifest
Referenced file u'content/chapter3/problems3/3.13.html' not found
Referenced file u'content/chapter6/images6/fig6.18.gif' not in manifest
Referenced file u'content/chapter3/images3a/form3.100.gif' not in manifest
Referenced file u'content/chapter2/images2/form2.8.gif' not in manifest
Referenced file u'content/chapter5/Images/339-1.gif' not in manifest
Referenced file u'content/chapter6/images6/form6.40.gif' not in manifest
Referenced file u'content/chapter6/problems6/6.9.html' not found
Referenced file u'content/chapter4/images/fig4.1.gif' not in manifest
Referenced file u'content/chapter3/images3a/fig3.32.gif' not in manifest
Referenced file u'content/chapter5/Images/lamda_delta.gif' not in manifest
Referenced file u'content/chapter5/Images/288-1.gif' not in manifest
Referenced file u'content/chapter6/images6/fig6.32.gif' not in manifest
Referenced file u'content/chapter5/Images/341-5.gif' not in manifest
Referenced file u'content/chapter5/Images/equalQ.gif' not in manifest
Referenced file u'content/chapter5/problems5/5.14.html' not found
Referenced file u'content/chapter3/images3/form3.41.gif' not in manifest
Referenced file u'content/chapter4/problems4/4.9.html' not found
Referenced file u'content/chapter2/images/inter.gif' not in manifest
Referenced file u'content/chapter2/images2/form2.81.gif' not in manifest
Referenced file u'content/chapter3/images3a/form3.83.gif' not in manifest
Referenced file u'content/chapter2/images2/form2.21.gif' not in manifest
Referenced file u'content/chapter4/images/Nhat.gif' not in manifest
Referenced file u'content/chapter5/Images/less_eq.gif' not in manifest
Referenced file u'content/chapter2/images2/form52.gif' not in manifest
Referenced file u'content/chapter3/images/rho.gif' not in manifest
Referenced file u'content/chapter6/images6/form6.32.gif' not in manifest
Referenced file u'content/chapter6/images6/form6.27.gif' not in manifest
Referenced file u'content/chapter7/images/lambda.t1.gif' not in manifest
Referenced file u'content/chapter4/problems4/4.5.html' not found
Referenced file u'content/chapter2/images2/form2.80.gif' not in manifest
Referenced file u'content/chapter5/Images/314-10.gif' not in manifest
Referenced file u'content/chapter3/images3/form3.39.gif' not in manifest
Referenced file u'content/chapter2/images/pi.gif' not in manifest
Referenced file u'content/chapter2/images2/form53.gif' not in manifest
Referenced file u'content/chapter6/images6/fig6.16.gif' not in manifest
Referenced file u'content/chapter6/problems6/6.7.html' not found
Referenced file u'content/chapter2/images2/form2.75.gif' not in manifest
Referenced file u'content/chapter3/images3/form3.35.gif' not in manifest
Referenced file u'content/chapter3/images/previous.gif' not found
Referenced file u'content/chapter2/images2/fig2.10.gif' not in manifest
Referenced file u'content/chapter5/Images/329-1.gif' not in manifest
Referenced file u'content/chapter2/images2/form7.gif' not in manifest
Referenced file u'content/chapter4/images/form4.93.gif' not in manifest
Referenced file u'content/chapter3/images3/form51.gif' not in manifest
Referenced file u'content/chapter4/images/pi.gif' not in manifest
Referenced file u'content/chapter2/images2/form63.gif' not in manifest
Referenced file u'content/chapter3/problems3/3.27.html' not found
Referenced file u'content/chapter4/images/form4.35.gif' not in manifest
Referenced file u'content/chapter3/images3/form38.gif' not in manifest
Referenced file u'content/chapter4/images/form4.85.gif' not in manifest
Referenced file u'content/chapter3/images3/fig3.13.gif' not in manifest
Referenced file u'content/chapter5/Images/306-1.gif' not in manifest
Referenced file u'content/chapter4/images/form4.42.gif' not in manifest
Referenced file u'content/chapter4/images/leq.gif' not in manifest
Referenced file u'content/chapter5/Images/331-1.gif' not in manifest
Referenced file u'content/chapter2/images2/form2.48.gif' not in manifest
Referenced file u'content/chapter2/images2/form2.49.gif' not in manifest
Referenced file u'content/chapter5/solutions5' not found
Referenced file u'content/chapter7/images7/form7.8.gif' not in manifest
Referenced file u'content/chapter4/images/form4.92.gif' not in manifest
Referenced file u'content/chapter4/images/form4.32.gif' not in manifest
Referenced file u'content/chapter7/images7/fig7.16.gif' not in manifest
Referenced file u'content/chapter2/images2/form2.4.gif' not in manifest
Referenced file u'content/chapter5/Images/284-1.gif' not in manifest
Referenced file u'content/chapter3/images3/fig3.9.gif' not in manifest
Referenced file u'content/chapter3/problems3/3.4.html' not found
Referenced file u'content/chapter4/images/dot.gif' not in manifest
Referenced file u'content/chapter6/images/null.gif' not in manifest
Referenced file u'content/chapter4/images/fig4.18.gif' not in manifest
Referenced file u'content/chapter4/problems4/4.13.html' not found
Referenced file u'content/chapter5/problems5/5.7.html' not found
Referenced file u'content/chapter4/images/form4.84.gif' not in manifest
Referenced file u'content/chapter6/images6/fig6.20.gif' not in manifest
Referenced file u'content/chapter2/pics/leq.gif' not in manifest
Referenced file u'content/chapter7/problems7/7.8.html' not found
Referenced file u'content/chapter4/problems4/4.10.html' not found
Referenced file u'content/chapter8/images8/fig8.4.gif' not in manifest
Referenced file u'content/chapter2/images2/form2.76.gif' not in manifest
Referenced file u'content/chapter3/images3a/form3.108.gif' not in manifest
Referenced file u'content/chapter6/images6/form6.3.gif' not in manifest
Referenced file u'content/chapter2/images/sigmay.gif' not in manifest
Referenced file u'content/chapter2/images2/form61.gif' not in manifest
Referenced file u'content/chapter6/images6/fig6.29.gif' not in manifest
Referenced file u'content/chapter6/images/sqrt.nA.gif' not in manifest
Referenced file u'content/chapter6/images6/form6.2.gif' not in manifest
Referenced file u'content/chapter5/Images/form5.68.gif' not in manifest
Referenced file u'content/chapter2/images2/form2.50.gif' not in manifest
Referenced file u'content/chapter4/images/form4.116.a.gif' not in manifest
Referenced file u'content/chapter2/images2/form2.25.gif' not in manifest
Referenced file u'content/chapter6/images/leq.gif' not in manifest
Referenced file u'content/chapter2/images2/form60.gif' not in manifest
Referenced file u'content/chapter5/Images/341-3.gif' not in manifest
Referenced file u'content/chapter5/problems5/5.4.html' not found
Referenced file u'content/chapter7/images7/fig7.25.gif' not in manifest
Referenced file u'content/chapter5/Images/270-1.gif' not in manifest
Referenced file u'content/chapter3/images3a/form3.99.gif' not in manifest
Referenced file u'content/chapter6/images6/form20.gif' not in manifest
Referenced file u'content/chapter3/problems3/3.32.html' not found
Referenced file u'content/chapter3/images3/fig3.14.gif' not in manifest
Referenced file u'content/chapter5/Images/341-2.gif' not in manifest
Referenced file u'content/chapter5/Images/314-12.gif' not in manifest
Referenced file u'content/chapter6/images6/form21.gif' not in manifest
Referenced file u'content/chapter3/images/sqrt.a.0.gif' not in manifest
Referenced file u'content/chapter4/images/mbar.gif' not in manifest
Referenced file u'content/chapter5/Images/322-5.gif' not in manifest
Referenced file u'content/chapter3/images/neq.gif' not in manifest
Referenced file u'content/chapter2/images2/form2.40.gif' not in manifest
Referenced file u'content/chapter4/images/lambda.gif' not in manifest
Referenced file u'content/index.html' not found
Referenced file u'content/chapter2/images2/form24.gif' not in manifest
Referenced file u'content/chapter2/pics/rarrow.gif' not in manifest
Referenced file u'content/chapter3/images3a/form3.109a.gif' not in manifest
Referenced file u'content/chapter2/images2/form14.gif' not in manifest
Referenced file u'content/chapter6/problems6/6.11.html' not found
Referenced file u'content/chapter2/images2/form2.32.gif' not in manifest
Referenced file u'content/chapter3/images3a/form3.107.gif' not in manifest
Referenced file u'content/chapter2/images2/form2.47.gif' not in manifest
Referenced file u'content/chapter6/images6/fig6.41.gif' not in manifest
Referenced file u'content/chapter6/images6/fig6.40.gif' not in manifest
Referenced file u'content/chapter6/images6/fig6.36.gif' not in manifest
Referenced file u'content/chapter5/Images/291-1.gif' not in manifest
Referenced file u'content/chapter3/images3/fig3.28.gif' not in manifest
Referenced file u'content/chapter2/images2/form2.70.gif' not in manifest
Referenced file u'content/chapter7/images7/form7.13.gif' not in manifest
Referenced file u'content/chapter4/images/form4.19.gif' not in manifest
Referenced file u'content/chapter6/images/geq.gif' not in manifest
Referenced file u'content/chapter6/images6/fig6.19.gif' not in manifest
Referenced file u'content/chapter5/problems5/5.12.html' not found
Referenced file u'content/chapter2/images2/form2.74.gif' not in manifest
Referenced file u'content/chapter4/images/rarrow.gif' not in manifest
Referenced file u'content/chapter3/images/zeta.sub.gif' not in manifest
Referenced file u'content/chapter4/images/sumnj1.gif' not in manifest
Referenced file u'content/chapter3/images3/form35.gif' not in manifest
Referenced file u'content/chapter2/images2/form64.gif' not in manifest
Referenced file u'content/chapter3/images3a/pg151a.gif' not in manifest
Referenced file u'content/chapter4/images/form4.73.gif' not in manifest
Referenced file u'content/chapter4/problems4/4.3.html' not found
Referenced file u'content/chapter5/Images/314-9.gif' not in manifest
Referenced file u'content/chapter3/images3/form32.gif' not in manifest
Referenced file u'content/chapter2/images2/form28.gif' not in manifest
Referenced file u'content/chapter3/images3/form3.6.gif' not in manifest
Referenced file u'content/chapter4/images/fig4.16.gif' not in manifest
Referenced file u'content/chapter5/Images/330-2.gif' not in manifest
Referenced file u'content/chapter6/images6/table6-4.gif' not in manifest
Referenced file u'content/chapter7/images7/form7.19.gif' not in manifest
Referenced file u'content/chapter4/images/form4.118.gif' not in manifest
Referenced file u'content/chapter7/problems7/7.7.html' not found
Referenced file u'content/chapter3/images3a/form3.102.gif' not in manifest
Referenced file u'content/chapter3/images/zeta.gif' not in manifest
Referenced file u'content/chapter2/pics/ident.gif' not in manifest
Referenced file u'content/chapter6/images/lambda.gif' not in manifest
Referenced file u'content/chapter7/images7/fig7.1.gif' not in manifest
Referenced file u'content/chapter5/Images/321-3.gif' not in manifest
Referenced file u'content/chapter4/images/192-1.gif' not in manifest
Referenced file u'content/chapter3/images3/fig3.20.gif' not in manifest
Referenced file u'content/chapter7/problems7/7.4.html' not found
Referenced file u'content/chapter2/images2/form4.gif' not in manifest
Referenced file u'content/chapter6/images6/fig6.17.gif' not in manifest
Referenced file u'content/chapter6/images6/fig6.42.gif' not in manifest
Referenced file u'content/chapter6/images6/form6.17.gif' not in manifest
Referenced file u'content/chapter7/images7/form4.gif' not in manifest
Referenced file u'content/chapter3/images3/form30.gif' not in manifest
Referenced file u'content/chapter2/images2/form2.42.gif' not in manifest
Referenced file u'content/chapter2/images2/form11.gif' not in manifest
Referenced file u'content/chapter4/images/form4.112.gif' not in manifest
Referenced file u'content/chapter3/images3a/form3.98.gif' not in manifest
Referenced file u'content/chapter3/images3/form4.gif' not in manifest
Referenced file u'content/chapter3/images3/form3.20.gif' not in manifest
Referenced file u'content/images/title2.gif' not in manifest
Referenced file u'content/chapter4/images/199-1.gif' not in manifest
Referenced file u'content/chapter6/images6/fig6.10.gif' not in manifest
Referenced file u'content/chapter6/images6/Tablep414.gif' not in manifest
Referenced file u'content/chapter4/images/form4.22.GIF' not in manifest
Referenced file u'content/chapter3/images3/form3.44.gif' not in manifest
Referenced file u'content/chapter3/problems3/3.29.html' not found
Referenced file u'content/chapter4/images/form4.121.gif' not in manifest
Referenced file u'content/chapter4/images/form4.26.gif' not in manifest
Referenced file u'content/chapter2/images2/form39.gif' not in manifest
Referenced file u'content/chapter3/problems3/3.20.html' not found
Referenced file u'content/chapter3/images3/fig3.19.gif' not in manifest
Referenced file u'content/chapter4/images/190-4.gif' not in manifest
Referenced file u'content/chapter5/Images/274-1.gif' not in manifest
Referenced file u'content/chapter6/images/thau.gif' not in manifest
Referenced file u'content/chapter2/images2/form57.gif' not in manifest
Referenced file u'content/chapter2/images2/form56.gif' not in manifest
Referenced file u'content/chapter2/images2/form2.84.gif' not in manifest
Referenced file u'content/chapter3/images3a/form3.87.gif' not in manifest
Referenced file u'content/chapter2/images2/form2.72.gif' not in manifest
Referenced file u'content/chapter5/Images/290-1.gif' not in manifest
Referenced file u'content/chapter5/Images/331-2.gif' not in manifest
Referenced file u'content/chapter4/images/form4.111.gif' not in manifest
Referenced file u'content/chapter4/images/lamda.gif' not in manifest
Referenced file u'content/chapter5/Images/mu.gif' not in manifest
Referenced file u'content/chapter5/Images/314-1.gif' not in manifest
Referenced file u'content/chapter5/Images/314-5.gif' not in manifest
Referenced file u'content/chapter6/images6/Tablep447a.gif' not in manifest
Referenced file u'content/chapter2/pics/lambda.gif' not in manifest
Referenced file u'content/chapter2/images2/form71.gif' not in manifest
Referenced file u'content/chapter5/Images/TRAbar.gif' not in manifest
Referenced file u'content/chapter2/images2/form15.gif' not in manifest
Referenced file u'content/chapter3/images/y.star0.gif' not in manifest
Referenced file u'content/chapter7/images7/form9.gif' not in manifest
Referenced file u'content/chapter3/images3/form3.55.gif' not in manifest
Referenced file u'content/chapter3/images3a/form3.96.gif' not in manifest
Referenced file u'content/chapter4/images/form4.48.gif' not in manifest
Referenced file u'content/chapter5/Images/313-1.gif' not in manifest
Referenced file u'content/chapter4/images/dot%3d.gif' not in manifest
Referenced file u'content/chapter3/images3a/form3.89a.gif' not in manifest
Referenced file u'content/chapter6/images/neq.gif' not in manifest
Referenced file u'content/chapter3/images3a/form3.86.gif' not in manifest
Referenced file u'content/chapter7/images7/form8.gif' not in manifest
Referenced file u'content/chapter3/problems3/3.2.html' not found
Referenced file u'content/chapter4/images/approx.gif' not in manifest
Referenced file u'content/chapter3/images3/form6.gif' not in manifest
Referenced file u'content/chapter3/images3/form33.gif' not in manifest
Referenced file u'content/chapter4/images/form4.94.gif' not in manifest
Referenced file u'content/chapter7/problems7/7.5.html' not found
Referenced file u'content/chapter3/images3/form40.gif' not in manifest
Referenced file u'content/chapter4/images/fig4.17.gif' not in manifest
Referenced file u'content/chapter2/images2/fig2.3.gif' not in manifest
Referenced file u'content/chapter3/images3/form3.1.gif' not in manifest
Referenced file u'content/chapter4/problems4/4.16.html' not found
Referenced file u'content/chapter6/images6/fig6.12.gif' not in manifest
Referenced file u'content/chapter4/images/table4.1.gif' not in manifest
Referenced file u'content/chapter5/Images/315-1.gif' not in manifest
Referenced file u'content/chapter6/images/dot%3d.gif' not in manifest
Referenced file u'content/chapter5/Images/334-1.gif' not in manifest
Referenced file u'content/chapter6/images6/fig6.23.gif' not in manifest
Referenced file u'content/chapter6/images6/fig6.3.gif' not in manifest
Referenced file u'content/chapter3/images3a/pg151b.gif' not in manifest
Referenced file u'content/chapter6/images6/fig6.9.gif' not in manifest
Referenced file u'content/chapter3/images3/form36.gif' not in manifest
Referenced file u'content/chapter5/Images/321-1.gif' not in manifest
Referenced file u'content/chapter2/images/sigma.x.gif' not in manifest
Referenced file u'content/chapter4/images/osquare.gif' not in manifest
Referenced file u'content/chapter7/images/1.lambda.star.gif' not in manifest
Referenced file u'content/chapter4/images/square.gif' not in manifest
Referenced file u'content/chapter6/images6/form4.gif' not in manifest
Referenced file u'content/chapter3/images3/form3.16.gif' not in manifest
Referenced file u'content/chapter4/images/form4.58a.gif' not in manifest
Referenced file u'content/chapter5/Images/317-2.gif' not in manifest
Referenced file u'content/chapter5/Images/318-2.gif' not in manifest
Referenced file u'content/chapter6/images6/fig6.37.gif' not in manifest
Referenced file u'content/chapter3/images3/form20.gif' not in manifest
Referenced file u'content/chapter5/Images/inf.gif' not in manifest
Referenced file u'content/chapter5/Images/336-3.gif' not in manifest
Referenced file u'content/chapter3/images/s2delta.gif' not in manifest
Referenced file u'content/chapter4/images/form4.97.gif' not in manifest
Referenced file u'content/chapter7/images7/form1.gif' not in manifest
Referenced file u'content/chapter6/images/natlog.gif' not in manifest
Referenced file u'content/chapter7/images7/fig7.6.gif' not in manifest
Referenced file u'content/chapter7/images7/fig7.23.gif' not in manifest
Referenced file u'content/chapter4/images/194-1.gif' not in manifest
Referenced file u'content/chapter5/problems5/5.18.html' not found
Referenced file u'content/chapter4/images/fig4.15.gif' not in manifest
Referenced file u'content/chapter4/images/form4.57.gif' not in manifest
Referenced file u'content/chapter6/images/sqrt2.gif' not in manifest
Referenced file u'content/chapter5/Images/287-1.gif' not in manifest
Referenced file u'content/chapter2/images2/form2.71.gif' not in manifest
Referenced file u'content/chapter3/images3/fig3.29.gif' not in manifest
Referenced file u'content/chapter4/solutions4' not found
Referenced file u'content/chapter6/images6/form6.20.gif' not in manifest
Referenced file u'content/chapter4/images/form4.39.gif' not in manifest
Referenced file u'content/chapter2/images2/form2.28.gif' not in manifest
Referenced file u'content/chapter5/Images/314-8.gif' not in manifest
Referenced file u'content/chapter4/images/190-2.gif' not in manifest
Referenced file u'content/chapter7/images7/form7.6.gif' not in manifest
Referenced file u'content/chapter2/images2/form48.gif' not in manifest
Referenced file u'content/chapter3/problems3/3.8.html' not found
Referenced file u'content/chapter6/images6/form6.11.gif' not in manifest
Referenced file u'content/chapter3/images3/fig3.2.gif' not in manifest
Referenced file u'content/chapter6/images6/form1.gif' not in manifest
Referenced file u'content/chapter8/contents8.html' not found
Referenced file u'content/chapter5/Images/315-2.gif' not in manifest
Referenced file u'content/chapter2/images/_w.c.gif' not in manifest
Referenced file u'content/chapter2/images2/form2.51.gif' not in manifest
Referenced file u'content/chapter5/Images/304-1.gif' not in manifest
Referenced file u'content/chapter7/problems7/7.1.html' not found
Referenced file u'content/chapter3/images3/form44.gif' not in manifest
Referenced file u'content/chapter3/images3/form7.gif' not in manifest
Referenced file u'content/chapter3/images3/fig3.15.gif' not in manifest
Referenced file u'content/chapter4/problems4/4.8.html' not found
Referenced file u'content/chapter2/images2/form2.3.gif' not in manifest
Referenced file u'content/chapter3/images3/form24.gif' not in manifest
Referenced file u'content/chapter3/images3/fig3.22.gif' not in manifest
Referenced file u'content/chapter5/Images/314-7.gif' not in manifest
Referenced file u'content/chapter2/images2/fig2.5.gif' not in manifest
Referenced file u'content/chapter3/images3/form3.7.gif' not in manifest
Referenced file u'content/chapter3/images/thau.gif' not in manifest
Referenced file u'content/chapter2/images2/form2.67.gif' not in manifest
Referenced file u'content/chapter3/images3/form3.69.gif' not in manifest
Referenced file u'content/chapter4/images/195-1.gif' not in manifest
Referenced file u'content/chapter5/Images/278-1.gif' not in manifest
Referenced file u'content/chapter4/images/form4.59.gif' not in manifest
Referenced file u'content/chapter6/images6/Tablep458.gif' not in manifest
Referenced file u'content/chapter3/images3/fig3.23.gif' not in manifest
Referenced file u'content/chapter6/images6/form6.37.gif' not in manifest
Referenced file u'content/chapter5/Images/delta.gif' not in manifest
Referenced file u'content/chapter3/images3/form21.gif' not in manifest
Referenced file u'content/chapter6/images6/form6.8.gif' not in manifest
Referenced file u'content/chapter3/problems3/3.16.html' not found
Referenced file u'content/chapter5/Images/epsilon.gif' not in manifest
Referenced file u'content/chapter3/images3/form43.gif' not in manifest
Referenced file u'content/chapter4/images/What.gif' not in manifest
Referenced file u'content/chapter3/images/sqrt.gif' not in manifest
Referenced file u'content/chapter2/images2/form2.73.gif' not in manifest
Referenced file u'content/chapter2/images2/form72.gif' not in manifest
Referenced file u'content/chapter6/problems6/6.4.html' not found
Referenced file u'content/chapter2/images2/form29.gif' not in manifest
Referenced file u'content/chapter6/images/previous.gif' not in manifest
Referenced file u'content/chapter2/images2/form13.gif' not in manifest
Referenced file u'content/chapter4/images/190-5.gif' not in manifest
Referenced file u'content/chapter3/images3/form3.62.gif' not in manifest
Referenced file u'content/chapter7/images7/form15.gif' not in manifest
Referenced file u'content/chapter3/problems3/3.6.html' not found
Referenced file u'content/chapter6/images6/form5.gif' not in manifest
Referenced file u'content/chapter4/images/sigma2.gif' not in manifest
Referenced file u'content/chapter4/images/195-3.gif' not in manifest
Referenced file u'content/chapter3/images3/form42.gif' not in manifest
Referenced file u'content/chapter2/images2/form2.9.gif' not in manifest
Referenced file u'content/chapter3/images3/form18.gif' not in manifest
Referenced file u'content/chapter6/images6/fig6.38.gif' not in manifest
Referenced file u'content/chapter3/images3/fig3.27.gif' not in manifest
Referenced file u'content/chapter5/Images/321-4.gif' not in manifest
Referenced file u'content/chapter7/images7/form14.gif' not in manifest
Referenced file u'content/chapter5/Images/Sbar.gif' not in manifest
Referenced file u'content/chapter6/contents6.html' not found
Referenced file u'content/chapter4/images/form4.115.gif' not in manifest
Referenced file u'content/chapter2/pics/mu.gif' not in manifest
Referenced file u'content/chapter2/images2/form2.5.gif' not in manifest
Referenced file u'content/chapter2/images2/form40.gif' not in manifest
Referenced file u'content/chapter4/images/siginf.gif' not in manifest
Referenced file u'content/chapter4/images/form4.76.gif' not in manifest
Referenced file u'content/chapter3/images3/form3.29.gif' not in manifest
Referenced file u'content/chapter5/Images/314-4.gif' not in manifest
Referenced file u'content/chapter3/images3/form3.58.gif' not in manifest
Referenced file u'content/chapter1/contents1.html' not found
Referenced file u'content/chapter7/images7/fig7.8.gif' not in manifest
Referenced file u'content/chapter2/images2/form19.gif' not in manifest
Referenced file u'content/chapter6/images6/form6.34.gif' not in manifest
Referenced file u'content/chapter7/images7/form3.gif' not in manifest
Referenced file u'content/chapter4/images/form4.75.gif' not in manifest
Referenced file u'content/chapter2/images/approx.gif' not in manifest
Referenced file u'content/chapter4/images/form4.63.gif' not in manifest
Referenced file u'content/chapter4/problems4/4.1.html' not found
Referenced file u'content/chapter4/images/192-2.gif' not in manifest
Referenced file u'content/chapter7/images7/fig7.15.gif' not in manifest
Referenced file u'content/chapter4/problems4/4.6.html' not found
Referenced file u'content/chapter2/images2/form47.gif' not in manifest
Referenced file u'content/chapter3/images3/form16.gif' not in manifest
Referenced file u'content/chapter5/Images/320-1.gif' not in manifest
Referenced file u'content/chapter6/images/rt3.gif' not in manifest
Referenced file u'content/chapter6/images6/fig6.35.gif' not in manifest
Referenced file u'content/chapter3/images3/form15.gif' not in manifest
Referenced file u'content/chapter4/problems4/4.12.html' not found
Referenced file u'content/chapter3/images3a/formpg149.gif' not in manifest
Referenced file u'content/chapter8/images8/fig8.2.gif' not in manifest
Referenced file u'content/chapter5/Images/sigma2.gif' not in manifest
Referenced file u'content/chapter2/images2/form59.gif' not in manifest
Referenced file u'content/chapter5/Images/v_script.gif' not in manifest
Referenced file u'content/chapter6/images6/fig6.25.gif' not in manifest
Referenced file u'content/chapter5/Images/340-1.gif' not in manifest
Referenced file u'content/chapter3/images3a/fig3.35.gif' not in manifest
Referenced file u'content/chapter7/images7/form7.15.gif' not in manifest
Referenced file u'content/chapter2/images/leq.gif' not in manifest
Referenced file u'content/chapter6/images6/fig6.22.gif' not in manifest
Referenced file u'content/chapter4/images/190-3.gif' not in manifest
Referenced file u'content/chapter2/pics/delta.gif' not in manifest
Referenced file u'content/chapter6/images6/form6.13.gif' not in manifest
Referenced file u'content/chapter5/Images/308-1.gif' not in manifest
Referenced file u'content/chapter3/images3/form1.gif' not in manifest
Referenced file u'content/chapter3/images3/form3.49.gif' not in manifest
Referenced file u'content/chapter4/images/form4.91.gif' not in manifest
Referenced file u'content/chapter2/images2/form46.gif' not in manifest
Referenced file u'content/chapter6/images6/fig6.7.gif' not in manifest
Referenced file u'content/chapter2/images2/form2.64.gif' not in manifest
Referenced file u'content/chapter2/images2/form33.gif' not in manifest
Referenced file u'content/chapter5/Images/contain.gif' not in manifest
Referenced file u'content/chapter7/images/tau.123...k.gif' not in manifest
Referenced file u'content/chapter7/images7/form12.gif' not in manifest
Referenced file u'content/chapter1/images1/fig1.1.gif' not in manifest
Referenced file u'content/chapter5/Images/279-4.gif' not in manifest
Referenced file u'content/chapter4/images/199-6.gif' not in manifest
Referenced file u'content/chapter3/images3/fig3.16.gif' not in manifest
Referenced file u'content/chapter6/images6/form15.gif' not in manifest
Referenced file u'content/chapter3/images/3rt.pi.gif' not in manifest
Referenced file u'content/chapter4/images/fig4.9.gif' not in manifest
Referenced file u'content/chapter3/images3/form45.gif' not in manifest
Referenced file u'content/chapter3/images/x.star0.gif' not in manifest
Referenced file u'content/chapter3/images3/form47.gif' not in manifest
Referenced file u'content/chapter4/images/form4.74.gif' not in manifest
Referenced file u'content/chapter3/images/rt3.gif' not in manifest
Referenced file u'content/chapter4/images/form4.95a.gif' not in manifest
Referenced file u'content/chapter4/images/form4.87.gif' not in manifest
Referenced file u'content/chapter6/images6/form6.18.gif' not in manifest
Referenced file u'content/chapter7/images7/form7.17.gif' not in manifest
Referenced file u'content/chapter3/images/mu.gif' not in manifest
Referenced file u'content/chapter4/images/formpg220.gif' not in manifest
Referenced file u'content/chapter2/images2/form2.39.gif' not in manifest
Referenced file u'content/chapter7/images/lambda.star.gif' not in manifest
Referenced file u'content/chapter3/images3/fig3.18.gif' not in manifest
Referenced file u'content/chapter3/images3/form3.37.gif' not in manifest
Referenced file u'content/chapter6/images6/form6.5a.gif' not in manifest
Referenced file u'content/chapter2/images2/form30.gif' not in manifest
Referenced file u'content/chapter4/images/rau.gif' not in manifest
Referenced file u'content/chapter6/images6/form6.22.gif' not in manifest
Referenced file u'content/chapter5/Images/sortaequal.gif' not in manifest
Referenced file u'content/chapter2/images2/form2.11.gif' not in manifest
Referenced file u'content/chapter4/images/193-1.gif' not in manifest
Referenced file u'content/chapter2/images2/form20.gif' not in manifest
Referenced file u'content/chapter2/images/neq.gif' not in manifest
Referenced file u'content/chapter4/images/form4.44.gif' not in manifest
Referenced file u'content/chapter5/Images/310-1.gif' not in manifest
Referenced file u'content/chapter1/images1/table1.1.gif' not in manifest
Referenced file u'content/chapter7/images7/fig7.14.gif' not in manifest
Referenced file u'content/chapter3/images3a/form3.106.gif' not in manifest
Referenced file u'content/chapter4/images/196-1.gif' not in manifest
Referenced file u'content/chapter5/Images/328-2.gif' not in manifest
Referenced file u'content/chapter5/Images/278-2.gif' not in manifest
Referenced file u'content/chapter4/images/neg1.gif' not in manifest
Referenced file u'content/chapter7/images7/fig7.21.gif' not in manifest
Referenced file u'content/chapter3/images3a/form3.105.gif' not in manifest
Referenced file u'content/chapter3/images3/form3.75.gif' not in manifest
Referenced file u'content/chapter2/images2/form26.gif' not in manifest
Referenced file u'content/chapter4/images/form4.33.gif' not in manifest
Referenced file u'content/chapter2/images2/form45.gif' not in manifest
Referenced file u'content/chapter2/images2/fig2.12.gif' not in manifest
Referenced file u'content/chapter3/images3/form3.17.gif' not in manifest
Referenced file u'content/chapter6/images6/fig6.8.gif' not in manifest
Referenced file u'content/chapter5/Images/318-3.gif' not in manifest
Referenced file u'content/chapter7/images7/form11.gif' not in manifest
Referenced file u'content/chapter6/images6/form8.gif' not in manifest
Referenced file u'content/chapter5/Images/332-1.gif' not in manifest
Referenced file u'content/chapter7/images/tau.gif' not in manifest
Referenced file u'content/chapter3/images/pi.gif' not in manifest
Referenced file u'content/chapter2/images2/form31.gif' not in manifest
Referenced file u'content/chapter2/images2/form2.66.gif' not in manifest
Referenced file u'content/chapter5/Images/340-2.gif' not in manifest
Referenced file u'content/chapter4/images/Lbar.gif' not in manifest
Referenced file u'content/chapter3/problems3/3.9.html' not found
Referenced file u'content/chapter3/problems3/3.11.html' not found
Referenced file u'content/chapter3/images3/fig3.21.gif' not in manifest
Referenced file u'content/chapter5/Images/278-3.gif' not in manifest
Referenced file u'content/chapter5/Images/sqrta.n.gif' not in manifest
Referenced file u'content/chapter2/images2/form16.gif' not in manifest
Referenced file u'content/chapter6/problems6/6.1.html' not found
Referenced file u'content/chapter3/images3/form3.60.gif' not in manifest
Referenced file u'content/chapter5/Images/330-1.gif' not in manifest
Reading TOC from NCX...
TOC reference u'content/toc.ncx' not found
Merging user specified metadata...
Detecting structure...
    Detected chapter: Chapter 1 Introduction
    Detected chapter: Chapter 2 Brief Review of Probabilistic Modeling
    Detected chapter: Chapter 2 Problems
    Detected chapter: Chapter 3 Functions of Random Variables and Geomet
    Detected chapter: Chapter 3 References
    Detected chapter: Chapter 3 Problems
    Detected chapter: Chapter 4 Introduction to Queueing Theory and Its 
    Detected chapter: Chapter 4 References
    Detected chapter: Chapter 4 Problems
    Detected chapter: Chapter 5 Spatially Distributed Queues
    Detected chapter: Chapter 5 References
    Detected chapter: Chapter 5 Problems
    Detected chapter: Chapter 6 Applications of Network Models
    Detected chapter: Chapter 6 References
    Detected chapter: Chapter 6 Problems
    Detected chapter: Chapter 7 Simulation In The Urban Context
    Detected chapter: Chapter 7 References
    Detected chapter: Chapter 7 Problems
    Detected chapter: Chapter 8 Implementation
    Detected chapter: Chapter 8 References
Flattening CSS and remapping font sizes...
Source base font size is 12.00000pt
Invalid token: ('INVALID', u'";', 671, 29)
PropertyValue: Unknown syntax or no value:  arial,helvetica";
font-size: 1.29167em
CSSStyleDeclaration: Syntax Error in Property: font-family: arial,helvetica";
font-size: 1.29167em
Removing fake margins...
Found 25 items of level: div_1
Found 1 items of level: div_5
Found 11 items of level: div_4
Found 1 items of level: div_6
Found 59 items of level: p_6
Found 38 items of level: p_7
Found 1379 items of level: p_4
Found 394 items of level: p_5
Found 12 items of level: p_2
Found 59 items of level: p_1
Found 3 items of level: p_8
Ignoring level p_2
Ignoring level div_5
Ignoring level div_4
Ignoring level p_8
Ignoring level div_6
div_1  left margin stats: Counter({u'auto': 1})
div_1  right margin stats: Counter({u'auto': 1})
Removing level div_1 left margin of: auto
Removing level div_1 right margin of: auto
p_6  left margin stats: Counter({u'0': 59})
p_6  right margin stats: Counter({u'0': 59})
p_7  left margin stats: Counter({u'0': 38})
p_7  right margin stats: Counter({u'0': 38})
p_4  left margin stats: Counter({u'0': 1379})
p_4  right margin stats: Counter({u'0': 1379})
p_5  left margin stats: Counter({u'0': 394})
p_5  right margin stats: Counter({u'0': 394})
p_1  left margin stats: Counter({u'0': 59})
p_1  right margin stats: Counter({u'0': 59})
Cleaning up manifest...
Trimming unused files from manifest...
Creating MOBI Output...
Serializing resources...
Creating MOBI 6 output
Generating in-line TOC...
Applying case-transforming CSS...
Parsing manglecase.css ...
Parsing tocstyle.css ...
Rasterizing SVG images...
Converting XHTML to Mobipocket markup...
Traceback (most recent call last):
  File "site.py", line 66, in main
  File "site-packages/calibre/utils/ipc/worker.py", line 190, in main
  File "site-packages/calibre/gui2/convert/gui_conversion.py", line 31, in gui_convert_override
  File "site-packages/calibre/gui2/convert/gui_conversion.py", line 25, in gui_convert
  File "site-packages/calibre/ebooks/conversion/plumber.py", line 1219, in run
  File "site-packages/calibre/ebooks/conversion/plugins/mobi_output.py", line 208, in convert
  File "site-packages/calibre/ebooks/conversion/plugins/mobi_output.py", line 240, in write_mobi
  File "site-packages/calibre/ebooks/mobi/mobiml.py", line 116, in __call__
  File "site-packages/calibre/ebooks/mobi/mobiml.py", line 127, in mobimlize_spine
  File "site-packages/calibre/ebooks/mobi/mobiml.py", line 567, in mobimlize_elem
  File "site-packages/calibre/ebooks/mobi/mobiml.py", line 567, in mobimlize_elem
  File "site-packages/calibre/ebooks/mobi/mobiml.py", line 567, in mobimlize_elem
  File "site-packages/calibre/ebooks/mobi/mobiml.py", line 567, in mobimlize_elem
  File "site-packages/calibre/ebooks/mobi/mobiml.py", line 567, in mobimlize_elem
  File "site-packages/calibre/ebooks/mobi/mobiml.py", line 567, in mobimlize_elem
  File "site-packages/calibre/ebooks/mobi/mobiml.py", line 567, in mobimlize_elem
  File "site-packages/calibre/ebooks/mobi/mobiml.py", line 567, in mobimlize_elem
  File "site-packages/calibre/ebooks/mobi/mobiml.py", line 567, in mobimlize_elem
  File "site-packages/calibre/ebooks/mobi/mobiml.py", line 567, in mobimlize_elem
  File "site-packages/calibre/ebooks/mobi/mobiml.py", line 567, in mobimlize_elem
  File "site-packages/calibre/ebooks/mobi/mobiml.py", line 565, in mobimlize_elem
  File "site-packages/calibre/ebooks/mobi/mobiml.py", line 287, in mobimlize_content
  File "lxml.etree.pyx", line 2935, in lxml.etree.SubElement (src/lxml/lxml.etree.c:67070)
  File "apihelpers.pxi", line 201, in lxml.etree._makeSubElement (src/lxml/lxml.etree.c:15492)
  File "apihelpers.pxi", line 196, in lxml.etree._makeSubElement (src/lxml/lxml.etree.c:15423)
  File "apihelpers.pxi", line 268, in lxml.etree._initNodeAttributes (src/lxml/lxml.etree.c:16296)
  File "apihelpers.pxi", line 290, in lxml.etree._addAttributeToNode (src/lxml/lxml.etree.c:16701)
  File "apihelpers.pxi", line 1393, in lxml.etree._utf8 (src/lxml/lxml.etree.c:26460)
TypeError: Argument must be bytes or unicode, got 'float'
